<?xml version="1.0" encoding="UTF-8"?>
<!-- Generated by org.testng.reporters.JUnitReportReporter -->
<testsuite hostname="dell" failures="0" tests="3" name="practies.Sample1test" time="0.079" errors="0" timestamp="04 Oct 2022 06:57:20 GMT" skipped="0">
  <testcase classname="practies.Sample1test" name="createCustomer" time="0.063"/>
  <testcase classname="practies.Sample1test" name="deleteCustomer" time="0.008"/>
  <testcase classname="practies.Sample1test" name="modifyCustomer" time="0.008"/>
</testsuite> <!-- practies.Sample1test -->
